<?xml version="1.0" encoding="UTF-8"?>
<testng-results ignored="0" total="1" passed="1" failed="0" skipped="0">
  <reporter-output>
  </reporter-output>
  <suite started-at="2021-07-12T11:50:45 CEST" name="Command line suite" finished-at="2021-07-12T11:50:55 CEST" duration-ms="10341">
    <groups>
    </groups>
    <test started-at="2021-07-12T11:50:45 CEST" name="Command line test" finished-at="2021-07-12T11:50:55 CEST" duration-ms="10341">
      <class name="sign.ScreenTest">
        <test-method is-config="true" signature="setUp()[pri:0, instance:sign.ScreenTest@15bfd87]" started-at="2021-07-12T11:50:45 CEST" name="setUp" finished-at="2021-07-12T11:50:54 CEST" duration-ms="9541" status="PASS">
          <reporter-output>
          </reporter-output>
        </test-method> <!-- setUp -->
        <test-method is-config="true" signature="goHome()[pri:0, instance:sign.ScreenTest@15bfd87]" started-at="2021-07-12T11:50:54 CEST" name="goHome" finished-at="2021-07-12T11:50:55 CEST" duration-ms="491" status="PASS">
          <reporter-output>
          </reporter-output>
        </test-method> <!-- goHome -->
        <test-method signature="testScreenSh()[pri:0, instance:sign.ScreenTest@15bfd87]" started-at="2021-07-12T11:50:55 CEST" name="testScreenSh" finished-at="2021-07-12T11:50:55 CEST" duration-ms="150" status="PASS">
          <reporter-output>
          </reporter-output>
        </test-method> <!-- testScreenSh -->
        <test-method is-config="true" signature="tearDown()[pri:0, instance:sign.ScreenTest@15bfd87]" started-at="2021-07-12T11:50:55 CEST" name="tearDown" finished-at="2021-07-12T11:50:55 CEST" duration-ms="124" status="PASS">
          <reporter-output>
          </reporter-output>
        </test-method> <!-- tearDown -->
      </class> <!-- sign.ScreenTest -->
    </test> <!-- Command line test -->
  </suite> <!-- Command line suite -->
</testng-results>
